2024.09.04 16:01:03 INFO  Started: Metals version 1.3.5 in folders '/workspaces/languages-wmacevoy/functional' for client Visual Studio Code 1.92.2.
SLF4J(W): Class path contains multiple SLF4J providers.
SLF4J(W): Found provider [scribe.slf4j.ScribeServiceProvider@47e17003]
SLF4J(W): Found provider [ch.qos.logback.classic.spi.LogbackServiceProvider@52b54cb0]
SLF4J(W): See https://www.slf4j.org/codes.html#multiple_bindings for an explanation.
SLF4J(I): Actual provider is of type [scribe.slf4j.ScribeServiceProvider@47e17003]
2024.09.04 16:01:03 WARN  Flyway upgrade recommended: H2 2.3.230 is newer than this version of Flyway and support has not been tested. The latest supported version of H2 is 2.2.220.
2024.09.04 16:01:04 INFO  no build target found for /workspaces/languages-wmacevoy/functional/hello-world-scala/build.sbt. Using presentation compiler with project's scala-library version: 3.3.3
2024.09.04 16:01:07 INFO  no build target found for /workspaces/languages-wmacevoy/functional/hello-world-scala/build.sbt. Using presentation compiler with project's scala-library version: 3.3.3
2024.09.04 16:01:21 INFO  no build target found for /workspaces/languages-wmacevoy/functional/hello-world-scala/src/main/scala/HelloWorldServer.scala. Using presentation compiler with project's scala-library version: 3.3.3
2024.09.04 16:01:21 INFO  no build target found for /workspaces/languages-wmacevoy/functional/hello-world-scala/src/main/scala/HelloWorldServer.scala. Using presentation compiler with project's scala-library version: 3.3.3
2024.09.04 16:01:21 INFO  no build target found for /workspaces/languages-wmacevoy/functional/hello-world-scala/src/main/scala/HelloWorldServer.scala. Using presentation compiler with project's scala-library version: 3.3.3
2024.09.04 16:01:21 INFO  no build target found for /workspaces/languages-wmacevoy/functional/hello-world-scala/src/main/scala/HelloWorldServer.scala. Using presentation compiler with project's scala-library version: 3.3.3
2024.09.04 16:01:22 INFO  no build target found for /workspaces/languages-wmacevoy/functional/hello-world-scala/src/main/scala/HelloWorldServer.scala. Using presentation compiler with project's scala-library version: 3.3.3
2024.09.04 16:01:22 WARN  no build target for: /workspaces/languages-wmacevoy/functional/hello-world-scala/src/main/scala/HelloWorldServer.scala
2024.09.04 16:01:24 INFO  no build target found for /workspaces/languages-wmacevoy/functional/hello-world-scala/src/main/scala/HelloWorldServer.scala. Using presentation compiler with project's scala-library version: 3.3.3
2024.09.04 16:01:53 INFO  no build target found for /workspaces/languages-wmacevoy/functional/hello-world-scala/src/main/scala/HelloWorldServer.scala. Using presentation compiler with project's scala-library version: 3.3.3
2024.09.04 16:01:53 INFO  no build target found for /workspaces/languages-wmacevoy/functional/hello-world-scala/src/main/scala/HelloWorldServer.scala. Using presentation compiler with project's scala-library version: 3.3.3
Sep 04, 2024 4:02:35 PM org.eclipse.lsp4j.jsonrpc.services.GenericEndpoint notify
INFO: Unsupported notification method: $/setTrace
2024.09.04 16:02:48 INFO  no build target found for /workspaces/languages-wmacevoy/functional/hello-world-scala/src/main/scala/HelloWorldServer.scala. Using presentation compiler with project's scala-library version: 3.3.3
2024.09.04 16:02:48 INFO  no build target found for /workspaces/languages-wmacevoy/functional/hello-world-scala/src/main/scala/HelloWorldServer.scala. Using presentation compiler with project's scala-library version: 3.3.3
2024.09.04 16:02:49 INFO  no build target found for /workspaces/languages-wmacevoy/functional/hello-world-scala/src/main/scala/HelloWorldServer.scala. Using presentation compiler with project's scala-library version: 3.3.3
2024.09.04 16:02:49 INFO  no build target found for /workspaces/languages-wmacevoy/functional/hello-world-scala/src/main/scala/HelloWorldServer.scala. Using presentation compiler with project's scala-library version: 3.3.3
2024.09.04 16:02:49 INFO  no build target found for /workspaces/languages-wmacevoy/functional/hello-world-scala/src/main/scala/HelloWorldServer.scala. Using presentation compiler with project's scala-library version: 3.3.3
2024.09.04 16:03:10 INFO  no build target found for /workspaces/languages-wmacevoy/functional/hello-world-scala/src/main/scala/HelloWorldServer.scala. Using presentation compiler with project's scala-library version: 3.3.3
2024.09.04 16:03:10 INFO  no build target found for /workspaces/languages-wmacevoy/functional/hello-world-scala/src/main/scala/HelloWorldServer.scala. Using presentation compiler with project's scala-library version: 3.3.3
2024.09.04 16:03:10 INFO  no build target found for /workspaces/languages-wmacevoy/functional/hello-world-scala/src/main/scala/HelloWorldServer.scala. Using presentation compiler with project's scala-library version: 3.3.3
Sep 04, 2024 4:03:28 PM org.eclipse.lsp4j.jsonrpc.RemoteEndpoint handleCancellation
WARNING: Unmatched cancel notification for request id 48
Sep 04, 2024 4:03:28 PM org.eclipse.lsp4j.jsonrpc.RemoteEndpoint handleCancellation
WARNING: Unmatched cancel notification for request id 49
Sep 04, 2024 4:03:28 PM org.eclipse.lsp4j.jsonrpc.RemoteEndpoint handleCancellation
WARNING: Unmatched cancel notification for request id 50
Sep 04, 2024 4:03:37 PM org.eclipse.lsp4j.jsonrpc.RemoteEndpoint handleCancellation
WARNING: Unmatched cancel notification for request id 75
2024.09.04 16:03:57 INFO  no build target found for /workspaces/languages-wmacevoy/functional/hello-world-scala/src/main/scala/HelloWorldServer.scala. Using presentation compiler with project's scala-library version: 3.3.3
2024.09.04 16:04:03 WARN  no build target for: /workspaces/languages-wmacevoy/functional/hello-world-scala/src/main/scala/HelloWorldServer.scala
Sep 04, 2024 4:04:27 PM org.eclipse.lsp4j.jsonrpc.RemoteEndpoint handleCancellation
WARNING: Unmatched cancel notification for request id 87
2024.09.04 16:06:06 INFO  no build target found for /workspaces/languages-wmacevoy/functional/hello-world-scala/src/main/scala/HelloWorldServer.scala. Using presentation compiler with project's scala-library version: 3.3.3
2024.09.04 16:08:32 INFO  no build target found for /workspaces/languages-wmacevoy/functional/hello-world-scala/build.sbt. Using presentation compiler with project's scala-library version: 3.3.3
2024.09.04 16:08:42 WARN  no build target for: /workspaces/languages-wmacevoy/functional/hello-world-scala/build.sbt
2024.09.04 16:08:42 INFO  no build target found for /workspaces/languages-wmacevoy/functional/hello-world-scala/build.sbt. Using presentation compiler with project's scala-library version: 3.3.3
2024.09.04 16:10:18 INFO  no build target found for /workspaces/languages-wmacevoy/functional/hello-world-scala/build.sbt. Using presentation compiler with project's scala-library version: 3.3.3
2024.09.04 16:10:21 WARN  no build target for: /workspaces/languages-wmacevoy/functional/hello-world-scala/build.sbt
2024.09.04 16:10:21 INFO  no build target found for /workspaces/languages-wmacevoy/functional/hello-world-scala/build.sbt. Using presentation compiler with project's scala-library version: 3.3.3
2024.09.04 16:18:46 INFO  no build target found for /workspaces/languages-wmacevoy/functional/hello-world-scala/build.sbt. Using presentation compiler with project's scala-library version: 3.3.3
2024.09.04 16:18:46 INFO  no build target found for /workspaces/languages-wmacevoy/functional/hello-world-scala/build.sbt. Using presentation compiler with project's scala-library version: 3.3.3
2024.09.04 16:18:47 INFO  no build target found for /workspaces/languages-wmacevoy/functional/hello-world-scala/build.sbt. Using presentation compiler with project's scala-library version: 3.3.3
2024.09.04 16:18:49 INFO  no build target found for /workspaces/languages-wmacevoy/functional/hello-world-scala/build.sbt. Using presentation compiler with project's scala-library version: 3.3.3
2024.09.04 16:18:49 INFO  no build target found for /workspaces/languages-wmacevoy/functional/hello-world-scala/build.sbt. Using presentation compiler with project's scala-library version: 3.3.3
2024.09.04 16:20:11 INFO  no build target found for /workspaces/languages-wmacevoy/functional/hello-world-scala/src/main/scala/HelloWorldServer.scala. Using presentation compiler with project's scala-library version: 3.3.3
2024.09.04 16:20:11 INFO  no build target found for /workspaces/languages-wmacevoy/functional/hello-world-scala/src/main/scala/HelloWorldServer.scala. Using presentation compiler with project's scala-library version: 3.3.3
2024.09.04 16:20:12 INFO  no build target found for /workspaces/languages-wmacevoy/functional/hello-world-scala/src/main/scala/HelloWorldServer.scala. Using presentation compiler with project's scala-library version: 3.3.3
2024.09.04 16:20:12 INFO  no build target found for /workspaces/languages-wmacevoy/functional/hello-world-scala/src/main/scala/HelloWorldServer.scala. Using presentation compiler with project's scala-library version: 3.3.3
2024.09.04 16:20:16 INFO  no build target found for /workspaces/languages-wmacevoy/functional/hello-world-scala/src/main/scala/HelloWorldServer.scala. Using presentation compiler with project's scala-library version: 3.3.3
Sep 04, 2024 4:20:34 PM org.eclipse.lsp4j.jsonrpc.RemoteEndpoint handleCancellation
WARNING: Unmatched cancel notification for request id 226
2024.09.04 16:20:37 INFO  no build target found for /workspaces/languages-wmacevoy/functional/hello-world-scala/src/main/scala/HelloWorldServer.scala. Using presentation compiler with project's scala-library version: 3.3.3
2024.09.04 16:20:53 INFO  no build target found for /workspaces/languages-wmacevoy/functional/hello-world-scala/src/main/scala/HelloWorldServer.scala. Using presentation compiler with project's scala-library version: 3.3.3
2024.09.04 16:20:54 INFO  no build target found for /workspaces/languages-wmacevoy/functional/hello-world-scala/src/main/scala/HelloWorldServer.scala. Using presentation compiler with project's scala-library version: 3.3.3
2024.09.04 16:20:58 INFO  no build target found for /workspaces/languages-wmacevoy/functional/hello-world-scala/src/main/scala/HelloWorldServer.scala. Using presentation compiler with project's scala-library version: 3.3.3
2024.09.04 16:20:58 INFO  no build target found for /workspaces/languages-wmacevoy/functional/hello-world-scala/src/main/scala/HelloWorldServer.scala. Using presentation compiler with project's scala-library version: 3.3.3
2024.09.04 16:20:59 INFO  no build target found for /workspaces/languages-wmacevoy/functional/hello-world-scala/src/main/scala/HelloWorldServer.scala. Using presentation compiler with project's scala-library version: 3.3.3
2024.09.04 16:21:00 INFO  no build target found for /workspaces/languages-wmacevoy/functional/hello-world-scala/src/main/scala/HelloWorldServer.scala. Using presentation compiler with project's scala-library version: 3.3.3
2024.09.04 16:21:00 INFO  no build target found for /workspaces/languages-wmacevoy/functional/hello-world-scala/src/main/scala/HelloWorldServer.scala. Using presentation compiler with project's scala-library version: 3.3.3
2024.09.04 16:21:00 INFO  no build target found for /workspaces/languages-wmacevoy/functional/hello-world-scala/src/main/scala/HelloWorldServer.scala. Using presentation compiler with project's scala-library version: 3.3.3
2024.09.04 16:21:02 INFO  no build target found for /workspaces/languages-wmacevoy/functional/hello-world-scala/src/main/scala/HelloWorldServer.scala. Using presentation compiler with project's scala-library version: 3.3.3
2024.09.04 16:21:02 INFO  no build target found for /workspaces/languages-wmacevoy/functional/hello-world-scala/src/main/scala/HelloWorldServer.scala. Using presentation compiler with project's scala-library version: 3.3.3
2024.09.04 16:21:02 INFO  no build target found for /workspaces/languages-wmacevoy/functional/hello-world-scala/src/main/scala/HelloWorldServer.scala. Using presentation compiler with project's scala-library version: 3.3.3
2024.09.04 16:21:03 INFO  no build target found for /workspaces/languages-wmacevoy/functional/hello-world-scala/src/main/scala/HelloWorldServer.scala. Using presentation compiler with project's scala-library version: 3.3.3
2024.09.04 16:21:05 INFO  no build target found for /workspaces/languages-wmacevoy/functional/hello-world-scala/src/main/scala/HelloWorldServer.scala. Using presentation compiler with project's scala-library version: 3.3.3
2024.09.04 16:21:28 INFO  no build target found for /workspaces/languages-wmacevoy/functional/hello-world-scala/src/main/scala/HelloWorldServer.scala. Using presentation compiler with project's scala-library version: 3.3.3
2024.09.04 16:22:52 INFO  no build target found for /workspaces/languages-wmacevoy/functional/hello-world-scala/src/main/scala/HelloWorldServer.scala. Using presentation compiler with project's scala-library version: 3.3.3
2024.09.04 16:29:38 INFO  no build target found for /workspaces/languages-wmacevoy/functional/hello-world-scala/src/main/scala/HelloWorldServer.scala. Using presentation compiler with project's scala-library version: 3.3.3
2024.09.04 16:45:19 INFO  no build target found for /workspaces/languages-wmacevoy/functional/hello-world-scala/src/main/scala/HelloWorldServer.scala. Using presentation compiler with project's scala-library version: 3.3.3
2024.09.04 16:45:20 INFO  no build target found for /workspaces/languages-wmacevoy/functional/hello-world-scala/src/main/scala/HelloWorldServer.scala. Using presentation compiler with project's scala-library version: 3.3.3
2024.09.04 16:45:20 INFO  no build target found for /workspaces/languages-wmacevoy/functional/hello-world-scala/src/main/scala/HelloWorldServer.scala. Using presentation compiler with project's scala-library version: 3.3.3
2024.09.04 16:45:24 INFO  no build target found for /workspaces/languages-wmacevoy/functional/hello-world-scala/src/main/scala/HelloWorldServer.scala. Using presentation compiler with project's scala-library version: 3.3.3
2024.09.04 16:45:51 INFO  no build target found for /workspaces/languages-wmacevoy/functional/hello-world-scala/src/main/scala/HelloWorldServer.scala. Using presentation compiler with project's scala-library version: 3.3.3
2024.09.04 16:45:52 INFO  no build target found for /workspaces/languages-wmacevoy/functional/hello-world-scala/src/main/scala/HelloWorldServer.scala. Using presentation compiler with project's scala-library version: 3.3.3
2024.09.04 16:56:00 INFO  Shutting down server
2024.09.04 16:56:00 INFO  shutting down Metals
2024.09.04 16:56:00 INFO  Exiting server
2024.09.06 13:40:07 INFO  Started: Metals version 1.3.5 in folders '/workspaces/languages-wmacevoy/functional' for client Visual Studio Code 1.92.2.
SLF4J(W): Class path contains multiple SLF4J providers.
SLF4J(W): Found provider [scribe.slf4j.ScribeServiceProvider@539d6269]
SLF4J(W): Found provider [ch.qos.logback.classic.spi.LogbackServiceProvider@1e2f6f68]
SLF4J(W): See https://www.slf4j.org/codes.html#multiple_bindings for an explanation.
SLF4J(I): Actual provider is of type [scribe.slf4j.ScribeServiceProvider@539d6269]
2024.09.06 13:40:07 WARN  Flyway upgrade recommended: H2 2.3.230 is newer than this version of Flyway and support has not been tested. The latest supported version of H2 is 2.2.220.
2024.09.06 13:40:15 INFO  running '/usr/local/sdkman/candidates/sbt/current/bin/sbt -Dbloop.export-jar-classifiers=sources bloopInstall'
2024.09.06 13:40:18 INFO  [info] welcome to sbt 1.10.1 (Microsoft Java 21.0.2)
2024.09.06 13:40:22 INFO  [info] loading settings for project hello-world-scala-build-build from metals.sbt ...
2024.09.06 13:40:23 INFO  [info] loading project definition from /workspaces/languages-wmacevoy/functional/hello-world-scala/project/project
2024.09.06 13:40:27 INFO  [info] loading settings for project hello-world-scala-build from metals.sbt ...
2024.09.06 13:40:27 INFO  [info] loading project definition from /workspaces/languages-wmacevoy/functional/hello-world-scala/project
2024.09.06 13:40:31 INFO  [success] Generated .bloop/hello-world-scala-build.json
2024.09.06 13:40:31 INFO  [success] Total time: 4 s, completed Sep 6, 2024, 1:40:32 PM
2024.09.06 13:40:33 INFO  [info] loading settings for project root from build.sbt ...
2024.09.06 13:40:33 INFO  [info] set current project to HelloWorldScalaApp (in build file:/workspaces/languages-wmacevoy/functional/hello-world-scala/)
2024.09.06 13:40:35 INFO  [success] Generated .bloop/root-test.json
2024.09.06 13:40:35 INFO  [success] Generated .bloop/root.json
2024.09.06 13:40:35 INFO  [success] Total time: 1 s, completed Sep 6, 2024, 1:40:35 PM
2024.09.06 13:40:35 INFO  time: ran 'sbt bloopInstall' in 20s
2024.09.06 13:40:35 INFO  Attempting to connect to the build server...
2024.09.06 13:40:35 INFO  Setting up current java home /usr/lib/jvm/msopenjdk-current in /home/vscode/.bloop/bloop.json
2024.09.06 13:40:42 INFO  tracing is disabled for protocol BSP, to enable tracing of incoming and outgoing JSON messages create an empty file at /workspaces/languages-wmacevoy/functional/.metals/bsp.trace.json or /home/vscode/.cache/metals/bsp.trace.json
2024.09.06 13:40:47 INFO  time: Connected to build server in 11s
2024.09.06 13:40:47 INFO  Connected to Build server: Bloop v1.6.0
2024.09.06 13:40:47 INFO  time: Imported build in 0.18s
2024.09.06 13:40:47 INFO  running doctor check
2024.09.06 13:40:47 INFO  java targets: root, root-test
2024.09.06 13:40:50 WARN  Flyway upgrade recommended: H2 2.3.230 is newer than this version of Flyway and support has not been tested. The latest supported version of H2 is 2.2.220.
2024.09.06 13:41:15 INFO  time: indexed workspace in 27s
2024.09.06 13:41:29 INFO  compiling root (1 scala source)
2024.09.06 13:41:34 INFO  time: compiled root in 4.6s
Sep 06, 2024 1:50:35 PM org.eclipse.lsp4j.jsonrpc.services.GenericEndpoint notify
INFO: Unsupported notification method: $/setTrace
2024.09.06 14:02:02 INFO  Shutting down server
2024.09.06 14:02:02 INFO  shutting down Metals
2024.09.06 14:02:02 INFO  Shut down connection with build server.
2024.09.06 14:02:02 INFO  Exiting server
2024.09.06 14:07:02 INFO  Started: Metals version 1.3.5 in folders '/workspaces/languages-wmacevoy/functional' for client Visual Studio Code 1.92.2.
SLF4J(W): Class path contains multiple SLF4J providers.
SLF4J(W): Found provider [scribe.slf4j.ScribeServiceProvider@2586f8fa]
SLF4J(W): Found provider [ch.qos.logback.classic.spi.LogbackServiceProvider@5baae00a]
SLF4J(W): See https://www.slf4j.org/codes.html#multiple_bindings for an explanation.
SLF4J(I): Actual provider is of type [scribe.slf4j.ScribeServiceProvider@2586f8fa]
2024.09.06 14:07:03 WARN  Flyway upgrade recommended: H2 2.3.230 is newer than this version of Flyway and support has not been tested. The latest supported version of H2 is 2.2.220.
2024.09.06 14:07:03 INFO  Attempting to connect to the build server...
2024.09.06 14:07:08 INFO  tracing is disabled for protocol BSP, to enable tracing of incoming and outgoing JSON messages create an empty file at /workspaces/languages-wmacevoy/functional/.metals/bsp.trace.json or /home/vscode/.cache/metals/bsp.trace.json
2024.09.06 14:07:08 INFO  time: Connected to build server in 5.71s
2024.09.06 14:07:08 INFO  Connected to Build server: Bloop v1.6.0
2024.09.06 14:07:09 INFO  time: Imported build in 0.21s
2024.09.06 14:07:09 INFO  running doctor check
2024.09.06 14:07:09 INFO  java targets: root, root-test
2024.09.06 14:07:12 WARN  Flyway upgrade recommended: H2 2.3.230 is newer than this version of Flyway and support has not been tested. The latest supported version of H2 is 2.2.220.
2024.09.06 14:07:12 INFO  time: indexed workspace in 3.39s
2024.09.06 14:07:13 INFO  compiling root (1 scala source)
2024.09.06 14:07:18 INFO  time: compiled root in 5.02s
Sep 06, 2024 2:15:17 PM org.eclipse.lsp4j.jsonrpc.services.GenericEndpoint notify
INFO: Unsupported notification method: $/setTrace
2024.09.14 03:14:30 INFO  Started: Metals version 1.3.5 in folders '/workspaces/languages-wmacevoy/functional' for client Visual Studio Code 1.93.1.
SLF4J(W): Class path contains multiple SLF4J providers.
SLF4J(W): Found provider [scribe.slf4j.ScribeServiceProvider@5dcb843b]
SLF4J(W): Found provider [ch.qos.logback.classic.spi.LogbackServiceProvider@6180d22f]
SLF4J(W): See https://www.slf4j.org/codes.html#multiple_bindings for an explanation.
SLF4J(I): Actual provider is of type [scribe.slf4j.ScribeServiceProvider@5dcb843b]
2024.09.14 03:14:34 WARN  Flyway upgrade recommended: H2 2.3.230 is newer than this version of Flyway and support has not been tested. The latest supported version of H2 is 2.2.220.
2024.09.14 03:14:34 INFO  Attempting to connect to the build server...
2024.09.14 03:14:34 INFO  Setting up current java home /usr/lib/jvm/msopenjdk-current in /home/vscode/.bloop/bloop.json
2024.09.14 03:14:34 INFO  no build target found for /workspaces/languages-wmacevoy/functional/hello-world-scala/src/main/scala/HelloWorldServer.scala. Using presentation compiler with project's scala-library version: 3.3.3
2024.09.14 03:15:42 ERROR Starting the bsp launcher for bloop...
2024.09.14 03:15:42 ERROR Opening a bsp server connection with 'bsp --protocol local --socket /tmp/bsp-launcher17310014088673062530/bsp.socket'...
2024.09.14 03:15:42 ERROR Waiting for the bsp connection to come up...
2024.09.14 03:15:42 ERROR Waiting for the bsp connection to come up...
2024.09.14 03:15:42 ERROR Waiting for the bsp connection to come up...
2024.09.14 03:15:42 ERROR Waiting for the bsp connection to come up...
2024.09.14 03:15:42 ERROR Waiting for the bsp connection to come up...
2024.09.14 03:15:42 ERROR Waiting for the bsp connection to come up...
2024.09.14 03:15:42 ERROR Waiting for the bsp connection to come up...
2024.09.14 03:15:42 ERROR Waiting for the bsp connection to come up...
2024.09.14 03:15:42 ERROR Waiting for the bsp connection to come up...
2024.09.14 03:15:42 ERROR Waiting for the bsp connection to come up...
2024.09.14 03:15:42 ERROR Waiting for the bsp connection to come up...
2024.09.14 03:15:42 ERROR Waiting for the bsp connection to come up...
2024.09.14 03:15:42 ERROR Waiting for the bsp connection to come up...
2024.09.14 03:15:42 ERROR Waiting for the bsp connection to come up...
2024.09.14 03:15:42 ERROR Waiting for the bsp connection to come up...
2024.09.14 03:15:42 ERROR Waiting for the bsp connection to come up...
2024.09.14 03:15:42 ERROR Waiting for the bsp connection to come up...
2024.09.14 03:15:42 ERROR Waiting for the bsp connection to come up...
2024.09.14 03:15:42 ERROR Waiting for the bsp connection to come up...
2024.09.14 03:15:42 ERROR Waiting for the bsp connection to come up...
2024.09.14 03:15:42 ERROR Waiting for the bsp connection to come up...
2024.09.14 03:15:42 ERROR Waiting for the bsp connection to come up...
2024.09.14 03:15:42 ERROR Waiting for the bsp connection to come up...
2024.09.14 03:15:42 ERROR Waiting for the bsp connection to come up...
2024.09.14 03:15:42 ERROR Waiting for the bsp connection to come up...
2024.09.14 03:15:42 ERROR Waiting for the bsp connection to come up...
2024.09.14 03:15:42 ERROR Waiting for the bsp connection to come up...
2024.09.14 03:15:42 ERROR Waiting for the bsp connection to come up...
2024.09.14 03:15:42 ERROR Waiting for the bsp connection to come up...
2024.09.14 03:15:42 ERROR Waiting for the bsp connection to come up...
2024.09.14 03:15:42 ERROR Waiting for the bsp connection to come up...
2024.09.14 03:15:42 ERROR error: Giving up on waiting for a connection, printing embedded bloop logs:
2024.09.14 03:15:42 ERROR > No server running at 127.0.0.1:8212, let's fire one...
2024.09.14 03:15:42 ERROR > Resolving ch.epfl.scala:bloop-frontend_2.12:1.6.0...
2024.09.14 03:15:42 ERROR error: Trying a tcp-based connection to the server instead...
2024.09.14 03:15:42 ERROR Opening a bsp server connection with 'bsp --protocol tcp --port 32918'...
2024.09.14 03:15:42 ERROR Waiting for the bsp connection to come up...
2024.09.14 03:15:42 ERROR Waiting for the bsp connection to come up...
2024.09.14 03:15:42 ERROR Waiting for the bsp connection to come up...
2024.09.14 03:15:42 ERROR Waiting for the bsp connection to come up...
2024.09.14 03:15:42 ERROR Waiting for the bsp connection to come up...
2024.09.14 03:15:42 ERROR Waiting for the bsp connection to come up...
2024.09.14 03:15:42 ERROR Waiting for the bsp connection to come up...
2024.09.14 03:15:42 ERROR Waiting for the bsp connection to come up...
2024.09.14 03:15:42 ERROR Waiting for the bsp connection to come up...
2024.09.14 03:15:42 ERROR Waiting for the bsp connection to come up...
2024.09.14 03:15:42 ERROR Waiting for the bsp connection to come up...
2024.09.14 03:15:42 ERROR Waiting for the bsp connection to come up...
2024.09.14 03:15:42 ERROR Waiting for the bsp connection to come up...
2024.09.14 03:15:42 ERROR Waiting for the bsp connection to come up...
2024.09.14 03:15:42 ERROR Waiting for the bsp connection to come up...
2024.09.14 03:15:42 ERROR Waiting for the bsp connection to come up...
2024.09.14 03:15:42 ERROR Waiting for the bsp connection to come up...
2024.09.14 03:15:42 ERROR Waiting for the bsp connection to come up...
2024.09.14 03:15:42 ERROR Waiting for the bsp connection to come up...
2024.09.14 03:15:42 ERROR Waiting for the bsp connection to come up...
2024.09.14 03:15:42 ERROR Waiting for the bsp connection to come up...
2024.09.14 03:15:42 ERROR Waiting for the bsp connection to come up...
2024.09.14 03:15:42 ERROR Waiting for the bsp connection to come up...
2024.09.14 03:15:42 ERROR Waiting for the bsp connection to come up...
2024.09.14 03:15:42 ERROR Waiting for the bsp connection to come up...
2024.09.14 03:15:42 ERROR Waiting for the bsp connection to come up...
2024.09.14 03:15:42 ERROR Waiting for the bsp connection to come up...
2024.09.14 03:15:42 ERROR Waiting for the bsp connection to come up...
2024.09.14 03:15:42 ERROR Waiting for the bsp connection to come up...
2024.09.14 03:15:42 ERROR Waiting for the bsp connection to come up...
2024.09.14 03:15:42 ERROR Waiting for the bsp connection to come up...
2024.09.14 03:15:42 ERROR error: Giving up on waiting for a connection, printing embedded bloop logs:
2024.09.14 03:15:42 ERROR > No server running at 127.0.0.1:8212, let's fire one...
2024.09.14 03:15:42 ERROR > Resolving ch.epfl.scala:bloop-frontend_2.12:1.6.0...
2024.09.14 03:15:42 ERROR error: The launcher failed to establish a bsp connection, aborting...
2024.09.14 03:15:42 ERROR Failed to connect with build server, no functionality will work.
java.lang.RuntimeException: The server did not start, got FailedToOpenBspConnection
	at bloop.launcher.LauncherMain.failPromise$1(Launcher.scala:92)
	at bloop.launcher.LauncherMain.runLauncher(Launcher.scala:119)
	at scala.meta.internal.metals.BloopServers$$anon$2.run(BloopServers.scala:385)
	at java.util.concurrent.Executors$RunnableAdapter.call(Executors.java:572)
	at java.util.concurrent.FutureTask.run(FutureTask.java:317)
	at java.util.concurrent.ThreadPoolExecutor.runWorker(ThreadPoolExecutor.java:1144)
	at java.util.concurrent.ThreadPoolExecutor$Worker.run(ThreadPoolExecutor.java:642)
	at java.lang.Thread.run(Thread.java:1583)

2024.09.14 03:15:42 INFO  no build target found for /workspaces/languages-wmacevoy/functional/hello-world-scala/src/main/scala/HelloWorldServer.scala. Using presentation compiler with project's scala-library version: 3.3.3
2024.09.14 03:16:33 INFO  no build target found for /workspaces/languages-wmacevoy/functional/hello-world-scala/src/main/scala/HelloWorldServer.scala. Using presentation compiler with project's scala-library version: 3.3.3
2024.09.14 03:16:33 INFO  no build target found for /workspaces/languages-wmacevoy/functional/hello-world-scala/src/main/scala/HelloWorldServer.scala. Using presentation compiler with project's scala-library version: 3.3.3
Sep 14, 2024 3:16:33 AM org.eclipse.lsp4j.jsonrpc.RemoteEndpoint handleCancellation
WARNING: Unmatched cancel notification for request id 8
Sep 14, 2024 3:16:33 AM org.eclipse.lsp4j.jsonrpc.RemoteEndpoint handleCancellation
WARNING: Unmatched cancel notification for request id 4
2024.09.14 03:16:33 INFO  no build target found for /workspaces/languages-wmacevoy/functional/hello-world-scala/src/main/scala/HelloWorldServer.scala. Using presentation compiler with project's scala-library version: 3.3.3
2024.09.14 03:16:33 INFO  no build target found for /workspaces/languages-wmacevoy/functional/hello-world-scala/src/main/scala/HelloWorldServer.scala. Using presentation compiler with project's scala-library version: 3.3.3
2024.09.14 03:16:33 INFO  time: code lens generation in 51s
2024.09.14 03:18:04 INFO  no build target found for /workspaces/languages-wmacevoy/functional/hello-world-scala/build.sbt. Using presentation compiler with project's scala-library version: 3.3.3
2024.09.14 03:18:05 INFO  no build target found for /workspaces/languages-wmacevoy/functional/hello-world-scala/build.sbt. Using presentation compiler with project's scala-library version: 3.3.3
2024.09.14 03:19:32 INFO  Shutting down server
2024.09.14 03:19:32 INFO  shutting down Metals
2024.09.14 03:19:32 INFO  Exiting server
2024.09.17 02:24:36 INFO  Started: Metals version 1.3.5 in folders '/workspaces/languages-wmacevoy/functional' for client Visual Studio Code 1.93.1.
SLF4J(W): Class path contains multiple SLF4J providers.
SLF4J(W): Found provider [scribe.slf4j.ScribeServiceProvider@6e8b0c6a]
SLF4J(W): Found provider [ch.qos.logback.classic.spi.LogbackServiceProvider@75132405]
SLF4J(W): See https://www.slf4j.org/codes.html#multiple_bindings for an explanation.
SLF4J(I): Actual provider is of type [scribe.slf4j.ScribeServiceProvider@6e8b0c6a]
2024.09.17 02:24:36 WARN  Flyway upgrade recommended: H2 2.3.230 is newer than this version of Flyway and support has not been tested. The latest supported version of H2 is 2.2.220.
2024.09.17 02:24:37 INFO  Attempting to connect to the build server...
2024.09.17 02:24:38 INFO  tracing is disabled for protocol BSP, to enable tracing of incoming and outgoing JSON messages create an empty file at /workspaces/languages-wmacevoy/functional/.metals/bsp.trace.json or /home/vscode/.cache/metals/bsp.trace.json
2024.09.17 02:24:39 INFO  time: Connected to build server in 2.73s
2024.09.17 02:24:39 INFO  Connected to Build server: Bloop v1.6.0
2024.09.17 02:24:39 INFO  running doctor check
2024.09.17 02:24:39 INFO  java targets: root, root-test
2024.09.17 02:24:41 WARN  Flyway upgrade recommended: H2 2.3.230 is newer than this version of Flyway and support has not been tested. The latest supported version of H2 is 2.2.220.
Sep 17, 2024 2:24:43 AM org.eclipse.lsp4j.jsonrpc.RemoteEndpoint handleCancellation
WARNING: Unmatched cancel notification for request id 8
2024.09.17 02:24:46 WARN  unexpected dependency: /home/vscode/.cache/coursier/v1/https/repo1.maven.org/maven2/org/scala-lang/scala-library/2.13.12/scala-library-2.13.12-sources.jar
2024.09.17 02:24:46 WARN  unexpected dependency: /home/vscode/.cache/coursier/v1/https/repo1.maven.org/maven2/com/typesafe/akka/akka-actor-typed_2.13/2.9.0-M2/akka-actor-typed_2.13-2.9.0-M2-sources.jar
2024.09.17 02:24:46 WARN  unexpected dependency: /home/vscode/.cache/coursier/v1/https/repo1.maven.org/maven2/com/typesafe/akka/akka-http_2.13/10.6.0-M1/akka-http_2.13-10.6.0-M1-sources.jar
2024.09.17 02:24:46 WARN  unexpected dependency: /home/vscode/.cache/coursier/v1/https/repo1.maven.org/maven2/com/typesafe/akka/akka-stream_2.13/2.9.0-M2/akka-stream_2.13-2.9.0-M2-sources.jar
2024.09.17 02:24:46 WARN  unexpected dependency: /home/vscode/.cache/coursier/v1/https/repo1.maven.org/maven2/com/typesafe/akka/akka-actor_2.13/2.9.0-M2/akka-actor_2.13-2.9.0-M2-sources.jar
2024.09.17 02:24:46 WARN  unexpected dependency: /home/vscode/.cache/coursier/v1/https/repo1.maven.org/maven2/com/typesafe/akka/akka-slf4j_2.13/2.9.0-M2/akka-slf4j_2.13-2.9.0-M2-sources.jar
2024.09.17 02:24:46 WARN  unexpected dependency: /home/vscode/.cache/coursier/v1/https/repo1.maven.org/maven2/com/typesafe/akka/akka-http-core_2.13/10.6.0-M1/akka-http-core_2.13-10.6.0-M1-sources.jar
2024.09.17 02:24:46 WARN  unexpected dependency: /home/vscode/.cache/coursier/v1/https/repo1.maven.org/maven2/com/typesafe/akka/akka-protobuf-v3_2.13/2.9.0-M2/akka-protobuf-v3_2.13-2.9.0-M2-sources.jar
2024.09.17 02:24:46 WARN  unexpected dependency: /home/vscode/.cache/coursier/v1/https/repo1.maven.org/maven2/org/reactivestreams/reactive-streams/1.0.4/reactive-streams-1.0.4-sources.jar
2024.09.17 02:24:46 WARN  unexpected dependency: /home/vscode/.cache/coursier/v1/https/repo1.maven.org/maven2/org/scala-lang/modules/scala-java8-compat_2.13/1.0.0/scala-java8-compat_2.13-1.0.0-sources.jar
2024.09.17 02:24:46 WARN  unexpected dependency: /home/vscode/.cache/coursier/v1/https/repo1.maven.org/maven2/com/typesafe/akka/akka-parsing_2.13/10.6.0-M1/akka-parsing_2.13-10.6.0-M1-sources.jar
2024.09.17 02:24:46 INFO  time: indexed workspace in 6.5s
2024.09.17 02:24:46 WARN  no build target for: /workspaces/languages-wmacevoy/functional/hello-world-scala/build.sbt
2024.09.17 02:24:46 INFO  no build target found for /workspaces/languages-wmacevoy/functional/hello-world-scala/build.sbt. Using presentation compiler with project's scala-library version: 2.13.12
2024.09.17 02:24:47 INFO  time: code lens generation in 1.05s
2024.09.17 02:24:49 INFO  no build target found for /workspaces/languages-wmacevoy/functional/hello-world-scala/build.sbt. Using presentation compiler with project's scala-library version: 2.13.12
2024.09.17 02:24:50 INFO  compiling root (1 scala source)
2024.09.17 02:24:52 INFO  time: compiled root in 1.93s
Sep 17, 2024 2:25:10 AM org.eclipse.lsp4j.jsonrpc.RemoteEndpoint handleCancellation
WARNING: Unmatched cancel notification for request id 34
